[INFO] 2016-05-06 14:13:31,962 views tag1
[INFO] 2016-05-06 14:13:32,426 views tag1
[INFO] 2016-05-06 14:16:44,504 views tag1
[INFO] 2016-05-06 14:16:44,703 views tag1
[DEBUG] 2016-05-06 14:18:23,505 views tag2
[INFO] 2016-05-06 14:18:23,521 views tag search returned 4 whiskies
[DEBUG] 2016-05-06 14:18:23,732 views tag2
[INFO] 2016-05-06 14:18:23,732 views tag search returned 4 whiskies
[INFO] 2016-05-06 14:20:50,297 views tag3
[INFO] 2016-05-06 14:20:50,515 views tag3
[DEBUG] 2016-05-06 14:23:16,017 views tag4
[DEBUG] 2016-05-06 14:23:16,216 views tag4
[DEBUG] 2016-05-06 14:23:38,129 views tag3
[DEBUG] 2016-05-06 14:23:38,283 views tag3
[DEBUG] 2016-05-07 18:27:43,690 views sherry
[DEBUG] 2016-05-07 18:27:44,907 views sherry
[DEBUG] 2016-05-07 18:50:00,883 views sherry
[DEBUG] 2016-05-07 18:50:17,050 views sherry
[DEBUG] 2016-05-07 19:37:19,300 views sherry
[DEBUG] 2016-05-07 19:37:24,155 views sherry
[DEBUG] 2016-05-07 19:38:08,893 views sherry
[DEBUG] 2016-05-07 19:38:13,692 views sherry
[DEBUG] 2016-05-08 21:53:29,828 views orange
[DEBUG] 2016-05-08 21:53:34,250 views orange
[DEBUG] 2016-05-08 21:58:57,228 views orange,caramel,sweet,green,brown
[DEBUG] 2016-05-08 21:59:06,193 views orange,caramel,sweet,green,brown
[DEBUG] 2016-05-08 22:00:07,994 views orange,caramel,sweet,green,brown
[DEBUG] 2016-05-08 22:00:10,271 views orange,caramel,sweet,green,brown
[DEBUG] 2016-06-16 01:48:28,580 views sweet
[DEBUG] 2016-06-16 01:48:33,124 views sweet
[DEBUG] 2016-06-16 01:49:34,037 views sweet,apple
[DEBUG] 2016-06-16 01:49:37,973 views sweet,apple
[DEBUG] 2016-06-16 01:54:29,491 views region: None, price: None, tags: sweet,apple,cherry
[DEBUG] 2016-06-16 01:54:33,418 views region: None, price: None, tags: sweet,apple,cherry
[DEBUG] 2016-06-16 09:23:21,350 views region: None, price: $$, tags: sweet,apple
[DEBUG] 2016-06-16 09:23:24,989 views region: None, price: $$, tags: sweet,apple
[DEBUG] 2016-06-16 09:26:29,748 views region: None, price: $, tags: sweet,apple
[DEBUG] 2016-06-16 09:26:33,698 views region: None, price: $, tags: sweet,apple
